<?xml version="1.0" encoding="UTF-8"?>
<testng-results skipped="0" failed="0" total="1" passed="1">
  <reporter-output>
    <line>
      <![CDATA[Opened URL : https://services.nhsbsa.nhs.uk/check-for-help-paying-nhs-costs/start]]>
    </line>
    <line>
      <![CDATA[Check what help you could get to pay for NHS cost : Header is Displaying]]>
    </line>
    <line>
      <![CDATA[Clicked on StartNow Button]]>
    </line>
    <line>
      <![CDATA[Selected Wales for Which country do you live in? Question]]>
    </line>
    <line>
      <![CDATA[Clicked on Next Button]]>
    </line>
    <line>
      <![CDATA[for What is your date of birth? :: We selected : 15/04/1992]]>
    </line>
    <line>
      <![CDATA[Clicked on Next Button]]>
    </line>
    <line>
      <![CDATA[for Do you live with a partner? :: We selected : No]]>
    </line>
    <line>
      <![CDATA[Clicked on Next Button]]>
    </line>
    <line>
      <![CDATA[for Do you claim any benefits or tax credits? :: We selected : No]]>
    </line>
    <line>
      <![CDATA[Clicked on Next Button]]>
    </line>
    <line>
      <![CDATA[for Are you pregnant or have you given birth in the last 12 months? :: We selected : No]]>
    </line>
    <line>
      <![CDATA[Clicked on Next Button]]>
    </line>
    <line>
      <![CDATA[for Do you have an injury or illness caused by serving in the armed forces? :: We selected : No]]>
    </line>
    <line>
      <![CDATA[Clicked on Next Button]]>
    </line>
    <line>
      <![CDATA[for Do you have diabetes? :: We selected : No]]>
    </line>
    <line>
      <![CDATA[Clicked on Next Button]]>
    </line>
    <line>
      <![CDATA[for Do you have glaucoma? :: We selected : No]]>
    </line>
    <line>
      <![CDATA[Clicked on Next Button]]>
    </line>
    <line>
      <![CDATA[for Do you live permanently in a care home? :: We selected : No]]>
    </line>
    <line>
      <![CDATA[Clicked on Next Button]]>
    </line>
    <line>
      <![CDATA[for Do you have more than £16,000 in savings, investments or property? :: We selected : No]]>
    </line>
    <line>
      <![CDATA[Clicked on Next Button]]>
    </line>
    <line>
      <![CDATA[********** You get help with NHS costs ************]]>
    </line>
    <line>
      <![CDATA[Opened URL : https://services.nhsbsa.nhs.uk/check-for-help-paying-nhs-costs/start]]>
    </line>
    <line>
      <![CDATA[Check what help you could get to pay for NHS cost : Header is Displaying]]>
    </line>
    <line>
      <![CDATA[Clicked on StartNow Button]]>
    </line>
    <line>
      <![CDATA[Selected Wales for Which country do you live in? Question]]>
    </line>
    <line>
      <![CDATA[Clicked on Next Button]]>
    </line>
    <line>
      <![CDATA[for What is your date of birth? :: We selected : 15/04/1992]]>
    </line>
    <line>
      <![CDATA[Clicked on Next Button]]>
    </line>
    <line>
      <![CDATA[for Do you live with a partner? :: We selected : No]]>
    </line>
    <line>
      <![CDATA[Clicked on Next Button]]>
    </line>
    <line>
      <![CDATA[for Do you claim any benefits or tax credits? :: We selected : Yes]]>
    </line>
    <line>
      <![CDATA[Clicked on Next Button]]>
    </line>
    <line>
      <![CDATA[for Do you get paid Universal Credit? :: We selected : YES_I_RECEIVED_UNIVERSAL_CREDIT]]>
    </line>
    <line>
      <![CDATA[Clicked on Next Button]]>
    </line>
    <line>
      <![CDATA[for As part of your Universal Credit, do you have any of these? :: We selected : Yes]]>
    </line>
    <line>
      <![CDATA[Clicked on Next Button]]>
    </line>
    <line>
      <![CDATA[for Was your take-home pay for your last Universal Credit period £935 or less? :: We selected : Yes]]>
    </line>
    <line>
      <![CDATA[Clicked on Next Button]]>
    </line>
    <line>
      <![CDATA[Done ********** You get help with NHS costs ************]]>
    </line>
    <line>
      <![CDATA[You get free following items : ]]>
    </line>
    <line>
      <![CDATA[NHS prescriptions **********]]>
    </line>
    <line>
      <![CDATA[NHS dental check-ups and treatment **********]]>
    </line>
    <line>
      <![CDATA[sight tests **********]]>
    </line>
    <line>
      <![CDATA[NHS wigs and fabric supports **********]]>
    </line>
  </reporter-output>
  <suite name="BDD Test Suite" duration-ms="86292" started-at="2021-09-27T09:22:38Z" finished-at="2021-09-27T09:24:04Z">
    <groups>
      <group name="cucumber">
        <method signature="TestRunner.feature(cucumber.api.testng.CucumberFeatureWrapper)[pri:0, instance:com.cucumberFramework.testRunner.TestRunner@60addb54]" name="feature" class="com.cucumberFramework.testRunner.TestRunner"/>
      </group> <!-- cucumber -->
    </groups>
    <test name="Regression Test" duration-ms="86292" started-at="2021-09-27T09:22:38Z" finished-at="2021-09-27T09:24:04Z">
      <class name="com.cucumberFramework.testRunner.TestRunner">
        <test-method status="PASS" signature="setUpClass()[pri:0, instance:com.cucumberFramework.testRunner.TestRunner@60addb54]" name="setUpClass" is-config="true" duration-ms="255" started-at="2021-09-27T14:52:38Z" finished-at="2021-09-27T14:52:38Z">
          <reporter-output>
          </reporter-output>
        </test-method> <!-- setUpClass -->
        <test-method status="PASS" signature="BrowserLaunch()[pri:0, instance:com.cucumberFramework.testRunner.TestRunner@60addb54]" name="BrowserLaunch" is-config="true" duration-ms="6503" started-at="2021-09-27T14:52:38Z" finished-at="2021-09-27T14:52:44Z">
          <reporter-output>
          </reporter-output>
        </test-method> <!-- BrowserLaunch -->
        <test-method status="PASS" signature="feature(cucumber.api.testng.CucumberFeatureWrapper)[pri:0, instance:com.cucumberFramework.testRunner.TestRunner@60addb54]" name="feature" duration-ms="79430" started-at="2021-09-27T14:52:44Z" description="Runs cucmber Features" data-provider="features" finished-at="2021-09-27T14:54:04Z">
          <params>
            <param index="0">
              <value>
                <![CDATA[Wales Test Ticket]]>
              </value>
            </param>
          </params>
          <reporter-output>
            <line>
              <![CDATA[Opened URL : https://services.nhsbsa.nhs.uk/check-for-help-paying-nhs-costs/start]]>
            </line>
            <line>
              <![CDATA[Check what help you could get to pay for NHS cost : Header is Displaying]]>
            </line>
            <line>
              <![CDATA[Clicked on StartNow Button]]>
            </line>
            <line>
              <![CDATA[Selected Wales for Which country do you live in? Question]]>
            </line>
            <line>
              <![CDATA[Clicked on Next Button]]>
            </line>
            <line>
              <![CDATA[for What is your date of birth? :: We selected : 15/04/1992]]>
            </line>
            <line>
              <![CDATA[Clicked on Next Button]]>
            </line>
            <line>
              <![CDATA[for Do you live with a partner? :: We selected : No]]>
            </line>
            <line>
              <![CDATA[Clicked on Next Button]]>
            </line>
            <line>
              <![CDATA[for Do you claim any benefits or tax credits? :: We selected : No]]>
            </line>
            <line>
              <![CDATA[Clicked on Next Button]]>
            </line>
            <line>
              <![CDATA[for Are you pregnant or have you given birth in the last 12 months? :: We selected : No]]>
            </line>
            <line>
              <![CDATA[Clicked on Next Button]]>
            </line>
            <line>
              <![CDATA[for Do you have an injury or illness caused by serving in the armed forces? :: We selected : No]]>
            </line>
            <line>
              <![CDATA[Clicked on Next Button]]>
            </line>
            <line>
              <![CDATA[for Do you have diabetes? :: We selected : No]]>
            </line>
            <line>
              <![CDATA[Clicked on Next Button]]>
            </line>
            <line>
              <![CDATA[for Do you have glaucoma? :: We selected : No]]>
            </line>
            <line>
              <![CDATA[Clicked on Next Button]]>
            </line>
            <line>
              <![CDATA[for Do you live permanently in a care home? :: We selected : No]]>
            </line>
            <line>
              <![CDATA[Clicked on Next Button]]>
            </line>
            <line>
              <![CDATA[for Do you have more than £16,000 in savings, investments or property? :: We selected : No]]>
            </line>
            <line>
              <![CDATA[Clicked on Next Button]]>
            </line>
            <line>
              <![CDATA[********** You get help with NHS costs ************]]>
            </line>
            <line>
              <![CDATA[Opened URL : https://services.nhsbsa.nhs.uk/check-for-help-paying-nhs-costs/start]]>
            </line>
            <line>
              <![CDATA[Check what help you could get to pay for NHS cost : Header is Displaying]]>
            </line>
            <line>
              <![CDATA[Clicked on StartNow Button]]>
            </line>
            <line>
              <![CDATA[Selected Wales for Which country do you live in? Question]]>
            </line>
            <line>
              <![CDATA[Clicked on Next Button]]>
            </line>
            <line>
              <![CDATA[for What is your date of birth? :: We selected : 15/04/1992]]>
            </line>
            <line>
              <![CDATA[Clicked on Next Button]]>
            </line>
            <line>
              <![CDATA[for Do you live with a partner? :: We selected : No]]>
            </line>
            <line>
              <![CDATA[Clicked on Next Button]]>
            </line>
            <line>
              <![CDATA[for Do you claim any benefits or tax credits? :: We selected : Yes]]>
            </line>
            <line>
              <![CDATA[Clicked on Next Button]]>
            </line>
            <line>
              <![CDATA[for Do you get paid Universal Credit? :: We selected : YES_I_RECEIVED_UNIVERSAL_CREDIT]]>
            </line>
            <line>
              <![CDATA[Clicked on Next Button]]>
            </line>
            <line>
              <![CDATA[for As part of your Universal Credit, do you have any of these? :: We selected : Yes]]>
            </line>
            <line>
              <![CDATA[Clicked on Next Button]]>
            </line>
            <line>
              <![CDATA[for Was your take-home pay for your last Universal Credit period £935 or less? :: We selected : Yes]]>
            </line>
            <line>
              <![CDATA[Clicked on Next Button]]>
            </line>
            <line>
              <![CDATA[Done ********** You get help with NHS costs ************]]>
            </line>
            <line>
              <![CDATA[You get free following items : ]]>
            </line>
            <line>
              <![CDATA[NHS prescriptions **********]]>
            </line>
            <line>
              <![CDATA[NHS dental check-ups and treatment **********]]>
            </line>
            <line>
              <![CDATA[sight tests **********]]>
            </line>
            <line>
              <![CDATA[NHS wigs and fabric supports **********]]>
            </line>
          </reporter-output>
        </test-method> <!-- feature -->
        <test-method status="PASS" signature="testDownClass()[pri:0, instance:com.cucumberFramework.testRunner.TestRunner@60addb54]" name="testDownClass" is-config="true" duration-ms="14" started-at="2021-09-27T14:54:04Z" finished-at="2021-09-27T14:54:04Z">
          <reporter-output>
          </reporter-output>
        </test-method> <!-- testDownClass -->
      </class> <!-- com.cucumberFramework.testRunner.TestRunner -->
    </test> <!-- Regression Test -->
  </suite> <!-- BDD Test Suite -->
</testng-results>
